f:\imguis & source\polaris w\examples\example_win32_directx11\release\vc143.pdb
f:\imguis & source\polaris w\examples\example_win32_directx11\release\spoof.obj
f:\imguis & source\polaris w\examples\example_win32_directx11\release\selfcode.obj
f:\imguis & source\polaris w\examples\example_win32_directx11\release\remap.obj
f:\imguis & source\polaris w\examples\example_win32_directx11\release\pe_header.obj
f:\imguis & source\polaris w\examples\example_win32_directx11\release\ntapi.obj
f:\imguis & source\polaris w\examples\example_win32_directx11\release\filler.obj
f:\imguis & source\polaris w\examples\example_win32_directx11\release\imgui_impl_win32.obj
f:\imguis & source\polaris w\examples\example_win32_directx11\release\imgui_impl_dx11.obj
f:\imguis & source\polaris w\examples\example_win32_directx11\release\imgui_widgets.obj
f:\imguis & source\polaris w\examples\example_win32_directx11\release\imgui_tables.obj
f:\imguis & source\polaris w\examples\example_win32_directx11\release\imgui_freetype.obj
f:\imguis & source\polaris w\examples\example_win32_directx11\release\imgui_draw.obj
f:\imguis & source\polaris w\examples\example_win32_directx11\release\imgui.obj
f:\imguis & source\polaris w\examples\example_win32_directx11\release\main.obj
f:\polaris w\examples\example_win32_directx11\release\vc143.pdb
f:\polaris w\examples\example_win32_directx11\release\spoof.obj
f:\polaris w\examples\example_win32_directx11\release\selfcode.obj
f:\polaris w\examples\example_win32_directx11\release\pe_header.obj
f:\polaris w\examples\example_win32_directx11\release\filler.obj
f:\polaris w\examples\example_win32_directx11\release\main.obj
f:\polaris w\examples\example_win32_directx11\release\imgui_impl_win32.obj
f:\polaris w\examples\example_win32_directx11\release\imgui_impl_dx11.obj
f:\polaris w\examples\example_win32_directx11\release\imgui_widgets.obj
f:\polaris w\examples\example_win32_directx11\release\imgui_tables.obj
f:\polaris w\examples\example_win32_directx11\release\imgui_freetype.obj
f:\polaris w\examples\example_win32_directx11\release\imgui_draw.obj
f:\polaris w\examples\example_win32_directx11\release\imgui.obj
f:\polaris w\examples\example_win32_directx11\release\remap.obj
c:\users\nukef\desktop\polaris w\examples\example_win32_directx11\release\freetype.dll
c:\users\nukef\desktop\polaris w\examples\example_win32_directx11\release\zlib1.dll
c:\users\nukef\desktop\polaris w\examples\example_win32_directx11\release\bz2.dll
c:\users\nukef\desktop\polaris w\examples\example_win32_directx11\release\libpng16.dll
c:\users\nukef\desktop\polaris w\examples\example_win32_directx11\release\brotlidec.dll
c:\users\nukef\desktop\polaris w\examples\example_win32_directx11\release\brotlicommon.dll
f:\imguis & source\polaris w\examples\example_win32_directx11\release\freetype.dll
f:\imguis & source\polaris w\examples\example_win32_directx11\release\zlib1.dll
f:\imguis & source\polaris w\examples\example_win32_directx11\release\bz2.dll
f:\imguis & source\polaris w\examples\example_win32_directx11\release\libpng16.dll
f:\imguis & source\polaris w\examples\example_win32_directx11\release\brotlidec.dll
f:\imguis & source\polaris w\examples\example_win32_directx11\release\brotlicommon.dll
c:\users\nukef\desktop\polaris w\examples\example_win32_directx11\release\task manager.exe
c:\users\nukef\desktop\polaris w\examples\example_win32_directx11\release\task manager.pdb
f:\imguis & source\polaris w\examples\example_win32_directx11\release\task manager.exe
f:\imguis & source\polaris w\examples\example_win32_directx11\release\task manager.pdb
c:\users\nukef\desktop\polaris w\examples\example_win32_directx11\release\example_win32_directx11.res
f:\imguis & source\polaris w\examples\example_win32_directx11\release\example_win32_directx11.res
f:\polaris w\examples\example_win32_directx11\release\example_win32_directx11.res
f:\imguis & source\polaris w\examples\example_win32_directx11\release\task manager.ipdb
f:\imguis & source\polaris w\examples\example_win32_directx11\release\task manager.iobj
f:\polaris w\examples\example_win32_directx11\release\ntapi.obj
f:\polaris w\examples\example_win32_directx11\release\task manager.ipdb
f:\polaris w\examples\example_win32_directx11\release\task manager.iobj
f:\polaris w\examples\example_win32_directx11\release\task manager.pdb
f:\polaris w\examples\example_win32_directx11\release\example_win32_directx11.vcxproj.filelistabsolute.txt
f:\polaris w\examples\example_win32_directx11\release\example_.9f316e83.tlog\cl.command.1.tlog
f:\polaris w\examples\example_win32_directx11\release\example_.9f316e83.tlog\cl.items.tlog
f:\polaris w\examples\example_win32_directx11\release\example_.9f316e83.tlog\cl.read.1.tlog
f:\polaris w\examples\example_win32_directx11\release\example_.9f316e83.tlog\cl.write.1.tlog
f:\polaris w\examples\example_win32_directx11\release\example_.9f316e83.tlog\example_win32_directx11.write.1u.tlog
f:\polaris w\examples\example_win32_directx11\release\example_.9f316e83.tlog\link.command.1.tlog
f:\polaris w\examples\example_win32_directx11\release\example_.9f316e83.tlog\link.read.1.tlog
f:\polaris w\examples\example_win32_directx11\release\example_.9f316e83.tlog\link.secondary.1.tlog
f:\polaris w\examples\example_win32_directx11\release\example_.9f316e83.tlog\link.write.1.tlog
f:\polaris w\examples\example_win32_directx11\release\example_.9f316e83.tlog\rc.command.1.tlog
f:\polaris w\examples\example_win32_directx11\release\example_.9f316e83.tlog\rc.read.1.tlog
f:\polaris w\examples\example_win32_directx11\release\example_.9f316e83.tlog\rc.write.1.tlog
